# JRE version: Java(TM) SE Runtime Environment (23.0.2+7) (build 23.0.2+7-58)
# Java VM: Java HotSpot(TM) 64-Bit Server VM (23.0.2+7-58, mixed mode, sharing, tiered, compressed oops, compressed class ptrs, g1 gc, linux-amd64)
Heap:
 garbage-first heap   total reserved 8192000K, committed 28672K, used 13653K [0x000000060c000000, 0x0000000800000000)
  region size 4096K, 3 young (12288K), 1 survivors (4096K)
 Metaspace       used 22010K, committed 22336K, reserved 1114112K
  class space    used 2288K, committed 2432K, reserved 1048576K
GC Heap History (8 events):
Event: 6.261 GC heap before
{Heap before GC invocations=0 (full 0):
 garbage-first heap   total reserved 8192000K, committed 516096K, used 21627K [0x000000060c000000, 0x0000000800000000)
  region size 4096K, 6 young (24576K), 0 survivors (0K)
 Metaspace       used 16388K, committed 16640K, reserved 1114112K
  class space    used 1822K, committed 1920K, reserved 1048576K
}
Event: 6.272 GC heap after
{Heap after GC invocations=1 (full 1):
 garbage-first heap   total reserved 8192000K, committed 98304K, used 6293K [0x000000060c000000, 0x0000000800000000)
  region size 4096K, 0 young (0K), 0 survivors (0K)
 Metaspace       used 16388K, committed 16640K, reserved 1114112K
  class space    used 1822K, committed 1920K, reserved 1048576K
}
Event: 6.272 GC heap before
{Heap before GC invocations=1 (full 1):
 garbage-first heap   total reserved 8192000K, committed 98304K, used 6293K [0x000000060c000000, 0x0000000800000000)
  region size 4096K, 0 young (0K), 0 survivors (0K)
 Metaspace       used 16388K, committed 16640K, reserved 1114112K
  class space    used 1822K, committed 1920K, reserved 1048576K
}
Event: 6.284 GC heap after
{Heap after GC invocations=2 (full 2):
 garbage-first heap   total reserved 8192000K, committed 28672K, used 6293K [0x000000060c000000, 0x0000000800000000)
  region size 4096K, 0 young (0K), 0 survivors (0K)
 Metaspace       used 16388K, committed 16640K, reserved 1114112K
  class space    used 1822K, committed 1920K, reserved 1048576K
}
Event: 6.789 GC heap before
{Heap before GC invocations=2 (full 2):
 garbage-first heap   total reserved 8192000K, committed 28672K, used 14485K [0x000000060c000000, 0x0000000800000000)
  region size 4096K, 2 young (8192K), 0 survivors (0K)
 Metaspace       used 18736K, committed 19008K, reserved 1114112K
  class space    used 2041K, committed 2176K, reserved 1048576K
}
Event: 6.790 GC heap after
{Heap after GC invocations=3 (full 2):
 garbage-first heap   total reserved 8192000K, committed 28672K, used 7454K [0x000000060c000000, 0x0000000800000000)
  region size 4096K, 1 young (4096K), 1 survivors (4096K)
 Metaspace       used 18736K, committed 19008K, reserved 1114112K
  class space    used 2041K, committed 2176K, reserved 1048576K
}
Event: 6.861 GC heap before
{Heap before GC invocations=3 (full 2):
 garbage-first heap   total reserved 8192000K, committed 28672K, used 7454K [0x000000060c000000, 0x0000000800000000)
  region size 4096K, 2 young (8192K), 1 survivors (4096K)
 Metaspace       used 20171K, committed 20480K, reserved 1114112K
  class space    used 2173K, committed 2304K, reserved 1048576K
}
Event: 6.862 GC heap after
{Heap after GC invocations=4 (full 2):
 garbage-first heap   total reserved 8192000K, committed 28672K, used 7697K [0x000000060c000000, 0x0000000800000000)
  region size 4096K, 1 young (4096K), 1 survivors (4096K)
 Metaspace       used 20171K, committed 20480K, reserved 1114112K
  class space    used 2173K, committed 2304K, reserved 1048576K
}

