# JRE version: Java(TM) SE Runtime Environment (23.0.2+7) (build 23.0.2+7-58)
# Java VM: Java HotSpot(TM) 64-Bit Server VM (23.0.2+7-58, mixed mode, sharing, tiered, compressed oops, compressed class ptrs, g1 gc, linux-amd64)
Heap:
 garbage-first heap   total reserved 8192000K, committed 28672K, used 14493K [0x000000060c000000, 0x0000000800000000)
  region size 4096K, 3 young (12288K), 1 survivors (4096K)
 Metaspace       used 22161K, committed 22464K, reserved 1114112K
  class space    used 2300K, committed 2432K, reserved 1048576K
GC Heap History (8 events):
Event: 2.375 GC heap before
{Heap before GC invocations=0 (full 0):
 garbage-first heap   total reserved 8192000K, committed 516096K, used 21627K [0x000000060c000000, 0x0000000800000000)
  region size 4096K, 6 young (24576K), 0 survivors (0K)
 Metaspace       used 16391K, committed 16640K, reserved 1114112K
  class space    used 1823K, committed 1920K, reserved 1048576K
}
Event: 2.386 GC heap after
{Heap after GC invocations=1 (full 1):
 garbage-first heap   total reserved 8192000K, committed 98304K, used 6315K [0x000000060c000000, 0x0000000800000000)
  region size 4096K, 0 young (0K), 0 survivors (0K)
 Metaspace       used 16391K, committed 16640K, reserved 1114112K
  class space    used 1823K, committed 1920K, reserved 1048576K
}
Event: 2.387 GC heap before
{Heap before GC invocations=1 (full 1):
 garbage-first heap   total reserved 8192000K, committed 98304K, used 6315K [0x000000060c000000, 0x0000000800000000)
  region size 4096K, 0 young (0K), 0 survivors (0K)
 Metaspace       used 16391K, committed 16640K, reserved 1114112K
  class space    used 1823K, committed 1920K, reserved 1048576K
}
Event: 2.399 GC heap after
{Heap after GC invocations=2 (full 2):
 garbage-first heap   total reserved 8192000K, committed 28672K, used 6315K [0x000000060c000000, 0x0000000800000000)
  region size 4096K, 0 young (0K), 0 survivors (0K)
 Metaspace       used 16391K, committed 16640K, reserved 1114112K
  class space    used 1823K, committed 1920K, reserved 1048576K
}
Event: 2.930 GC heap before
{Heap before GC invocations=2 (full 2):
 garbage-first heap   total reserved 8192000K, committed 28672K, used 14507K [0x000000060c000000, 0x0000000800000000)
  region size 4096K, 2 young (8192K), 0 survivors (0K)
 Metaspace       used 18709K, committed 19008K, reserved 1114112K
  class space    used 2041K, committed 2176K, reserved 1048576K
}
Event: 2.931 GC heap after
{Heap after GC invocations=3 (full 2):
 garbage-first heap   total reserved 8192000K, committed 28672K, used 7432K [0x000000060c000000, 0x0000000800000000)
  region size 4096K, 1 young (4096K), 1 survivors (4096K)
 Metaspace       used 18709K, committed 19008K, reserved 1114112K
  class space    used 2041K, committed 2176K, reserved 1048576K
}
Event: 2.983 GC heap before
{Heap before GC invocations=3 (full 2):
 garbage-first heap   total reserved 8192000K, committed 28672K, used 11528K [0x000000060c000000, 0x0000000800000000)
  region size 4096K, 2 young (8192K), 1 survivors (4096K)
 Metaspace       used 20103K, committed 20416K, reserved 1114112K
  class space    used 2172K, committed 2304K, reserved 1048576K
}
Event: 2.984 GC heap after
{Heap after GC invocations=4 (full 2):
 garbage-first heap   total reserved 8192000K, committed 28672K, used 7670K [0x000000060c000000, 0x0000000800000000)
  region size 4096K, 1 young (4096K), 1 survivors (4096K)
 Metaspace       used 20103K, committed 20416K, reserved 1114112K
  class space    used 2172K, committed 2304K, reserved 1048576K
}

